<testsuites id="" name="" tests="1" failures="0" skipped="0" errors="0" time="21.743585">
<testsuite name="Live_sanity/026_Move_Product.spec.js" timestamp="2025-06-30T11:49:56.080Z" hostname="chromium" tests="1" failures="0" skipped="0" time="20.251" errors="0">
<testcase name="Move Product" classname="Live_sanity/026_Move_Product.spec.js" time="20.251">
<system-out>
<![CDATA[Step 1: Logging in...
Using login URL: https://erp.poundshop.com/login
Username: Hitesh
Login successful.
Step 2: Navigating to Move Products...
Step 3: Entering location barcode...
Location DP01 entered.
Step 4: Selecting location DP01...
Step 5: Confirming location...
Step 6: Cancelling the movement...
Move Product test completed.
]]>
</system-out>
</testcase>
</testsuite>
</testsuites>