<testsuites id="" name="" tests="1" failures="0" skipped="0" errors="0" time="29.359934000000003">
<testsuite name="Live_sanity/14_Purchase_Order.spec.js" timestamp="2025-06-13T07:09:44.728Z" hostname="chromium" tests="1" failures="0" skipped="0" time="27.743" errors="0">
<testcase name="Purchase order" classname="Live_sanity/14_Purchase_Order.spec.js" time="27.743">
<system-out>
<![CDATA[Step 1: Logging in...
Using login URL: https://erp.poundshop.com/login
Username: Hitesh
Login successful.
Step 5: Navigating to Purchase Order module...
Step 6: Clicking on Search by Purchase Order...
Step 7: Entering search term: Poundland...
Step 8: Pressing Enter to search...
Step 9: Clicking refresh icon...
Purchase Order search test completed.
]]>
</system-out>
</testcase>
</testsuite>
</testsuites>